<?xml version="1.0" encoding="UTF-8"?>
<!-- Generated by org.testng.reporters.JUnitReportReporter -->
<testsuite hostname="VISHNU" failures="0" tests="1" name="com.omr.ProjectFlight" time="2.010" errors="0" timestamp="24 Oct 2024 09:15:16 GMT" skipped="0">
  <testcase classname="com.omr.ProjectFlight" name="listFlight" time="2.010"/>
</testsuite> <!-- com.omr.ProjectFlight -->
